<?xml version="1.0" encoding="UTF-8"?>
<testsuite name="com.hotelreservation.HotelReservationTest" tests="1" skipped="0" failures="0" errors="0" timestamp="2021-03-08T10:10:47" hostname="DESKTOP-KO7D3IB" time="0.028">
  <properties/>
  <testcase name="addSpecialRates_reward()" classname="com.hotelreservation.HotelReservationTest" time="0.028"/>
  <system-out><![CDATA[]]></system-out>
  <system-err><![CDATA[]]></system-err>
</testsuite>
